<?xml version="1.0" encoding="UTF-8"?>
<testsuite xmlns:xsi="http://www.w3.org/2001/XMLSchema-instance" xsi:noNamespaceSchemaLocation="https://maven.apache.org/surefire/maven-surefire-plugin/xsd/surefire-test-report.xsd" version="3.0.2" name="io.open_sdbl.trino.ModelTest" time="0.157" tests="4" errors="0" skipped="0" failures="0">
  <properties>
[...]
</properties>
  <testcase name="tableHandleIsSerializableAcrossTrinoNodes" classname="io.open_sdbl.trino.ModelTest" time="0.128"/>
  <testcase name="sdblHandleCarriesOnlySourceAndAnalyzedShape" classname="io.open_sdbl.trino.ModelTest" time="0.007"/>
  <testcase name="keepsTheSmallestAppliedLimit" classname="io.open_sdbl.trino.ModelTest" time="0.001"/>
  <testcase name="serializesTheRustScanContract" classname="io.open_sdbl.trino.ModelTest" time="0.006"/>
</testsuite>